<?xml version="1.0" encoding="UTF-8"?>
<testsuite name="com.example.vuebackboard.entity.UserRepositoryTest" tests="1" skipped="0" failures="0" errors="0" timestamp="2023-03-21T06:36:43" hostname="DESKTOP-F6V2IAK" time="0.318">
  <properties/>
  <testcase name="1. 유저 데이터 생성하기" classname="com.example.vuebackboard.entity.UserRepositoryTest" time="0.318"/>
  <system-out><![CDATA[15:36:39.389 [Test worker] DEBUG org.springframework.test.context.BootstrapUtils - Instantiating CacheAwareContextLoaderDelegate from class [org.springframework.test.context.cache.DefaultCacheAwareContextLoaderDelegate]
15:36:39.399 [Test worker] DEBUG org.springframework.test.context.BootstrapUtils - Instantiating BootstrapContext using constructor [public org.springframework.test.context.support.DefaultBootstrapContext(java.lang.Class,org.springframework.test.context.CacheAwareContextLoaderDelegate)]
15:36:39.423 [Test worker] DEBUG org.springframework.test.context.BootstrapUtils - Instantiating TestContextBootstrapper for test class [com.example.vuebackboard.entity.UserRepositoryTest] from class [org.springframework.boot.test.context.SpringBootTestContextBootstrapper]
15:36:39.431 [Test worker] INFO org.springframework.boot.test.context.SpringBootTestContextBootstrapper - Neither @ContextConfiguration nor @ContextHierarchy found for test class [com.example.vuebackboard.entity.UserRepositoryTest], using SpringBootContextLoader
15:36:39.434 [Test worker] DEBUG org.springframework.test.context.support.AbstractContextLoader - Did not detect default resource location for test class [com.example.vuebackboard.entity.UserRepositoryTest]: class path resource [com/example/vuebackboard/entity/UserRepositoryTest-context.xml] does not exist
15:36:39.434 [Test worker] DEBUG org.springframework.test.context.support.AbstractContextLoader - Did not detect default resource location for test class [com.example.vuebackboard.entity.UserRepositoryTest]: class path resource [com/example/vuebackboard/entity/UserRepositoryTestContext.groovy] does not exist
15:36:39.434 [Test worker] INFO org.springframework.test.context.support.AbstractContextLoader - Could not detect default resource locations for test class [com.example.vuebackboard.entity.UserRepositoryTest]: no resource found for suffixes {-context.xml, Context.groovy}.
15:36:39.435 [Test worker] INFO org.springframework.test.context.support.AnnotationConfigContextLoaderUtils - Could not detect default configuration classes for test class [com.example.vuebackboard.entity.UserRepositoryTest]: UserRepositoryTest does not declare any static, non-private, non-final, nested classes annotated with @Configuration.
15:36:39.468 [Test worker] DEBUG org.springframework.test.context.support.ActiveProfilesUtils - Could not find an 'annotation declaring class' for annotation type [org.springframework.test.context.ActiveProfiles] and class [com.example.vuebackboard.entity.UserRepositoryTest]
15:36:39.521 [Test worker] DEBUG org.springframework.context.annotation.ClassPathScanningCandidateComponentProvider - Identified candidate component class: file [C:\Users\LENOVO\Documents\GitHub\Vue.js\build\classes\java\main\com\example\vuebackboard\VueBackboardApplication.class]
15:36:39.522 [Test worker] INFO org.springframework.boot.test.context.SpringBootTestContextBootstrapper - Found @SpringBootConfiguration com.example.vuebackboard.VueBackboardApplication for test class com.example.vuebackboard.entity.UserRepositoryTest
15:36:39.605 [Test worker] DEBUG org.springframework.boot.test.context.SpringBootTestContextBootstrapper - @TestExecutionListeners is not present for class [com.example.vuebackboard.entity.UserRepositoryTest]: using defaults.
15:36:39.605 [Test worker] INFO org.springframework.boot.test.context.SpringBootTestContextBootstrapper - Loaded default TestExecutionListener class names from location [META-INF/spring.factories]: [org.springframework.boot.test.autoconfigure.restdocs.RestDocsTestExecutionListener, org.springframework.boot.test.autoconfigure.web.client.MockRestServiceServerResetTestExecutionListener, org.springframework.boot.test.autoconfigure.web.servlet.MockMvcPrintOnlyOnFailureTestExecutionListener, org.springframework.boot.test.autoconfigure.web.servlet.WebDriverTestExecutionListener, org.springframework.boot.test.autoconfigure.webservices.client.MockWebServiceServerTestExecutionListener, org.springframework.boot.test.mock.mockito.MockitoTestExecutionListener, org.springframework.boot.test.mock.mockito.ResetMocksTestExecutionListener, org.springframework.test.context.web.ServletTestExecutionListener, org.springframework.test.context.support.DirtiesContextBeforeModesTestExecutionListener, org.springframework.test.context.event.ApplicationEventsTestExecutionListener, org.springframework.test.context.support.DependencyInjectionTestExecutionListener, org.springframework.test.context.support.DirtiesContextTestExecutionListener, org.springframework.test.context.transaction.TransactionalTestExecutionListener, org.springframework.test.context.jdbc.SqlScriptsTestExecutionListener, org.springframework.test.context.event.EventPublishingTestExecutionListener]
15:36:39.620 [Test worker] INFO org.springframework.boot.test.context.SpringBootTestContextBootstrapper - Using TestExecutionListeners: [org.springframework.test.context.web.ServletTestExecutionListener@2552f2cb, org.springframework.test.context.support.DirtiesContextBeforeModesTestExecutionListener@33352f32, org.springframework.test.context.event.ApplicationEventsTestExecutionListener@5f3b9c57, org.springframework.boot.test.mock.mockito.MockitoTestExecutionListener@1e044120, org.springframework.boot.test.autoconfigure.SpringBootDependencyInjectionTestExecutionListener@2cf23c81, org.springframework.test.context.support.DirtiesContextTestExecutionListener@3624da92, org.springframework.test.context.transaction.TransactionalTestExecutionListener@35fe2125, org.springframework.test.context.jdbc.SqlScriptsTestExecutionListener@94f6bfb, org.springframework.test.context.event.EventPublishingTestExecutionListener@34645867, org.springframework.boot.test.autoconfigure.restdocs.RestDocsTestExecutionListener@2484f433, org.springframework.boot.test.autoconfigure.web.client.MockRestServiceServerResetTestExecutionListener@60b71e8f, org.springframework.boot.test.autoconfigure.web.servlet.MockMvcPrintOnlyOnFailureTestExecutionListener@1255b1d1, org.springframework.boot.test.autoconfigure.web.servlet.WebDriverTestExecutionListener@464649c, org.springframework.boot.test.autoconfigure.webservices.client.MockWebServiceServerTestExecutionListener@7c22d4f, org.springframework.boot.test.mock.mockito.ResetMocksTestExecutionListener@5f59185e]
15:36:39.623 [Test worker] DEBUG org.springframework.test.context.support.AbstractDirtiesContextTestExecutionListener - Before test class: context [DefaultTestContext@303e3593 testClass = UserRepositoryTest, testInstance = [null], testMethod = [null], testException = [null], mergedContextConfiguration = [WebMergedContextConfiguration@4ef27d66 testClass = UserRepositoryTest, locations = '{}', classes = '{class com.example.vuebackboard.VueBackboardApplication}', contextInitializerClasses = '[]', activeProfiles = '{}', propertySourceLocations = '{}', propertySourceProperties = '{org.springframework.boot.test.context.SpringBootTestContextBootstrapper=true}', contextCustomizers = set[org.springframework.boot.test.autoconfigure.actuate.metrics.MetricsExportContextCustomizerFactory$DisableMetricExportContextCustomizer@2250b9f2, org.springframework.boot.test.autoconfigure.properties.PropertyMappingContextCustomizer@0, org.springframework.boot.test.autoconfigure.web.servlet.WebDriverContextCustomizerFactory$Customizer@12ed9db6, org.springframework.boot.test.context.filter.ExcludeFilterContextCustomizer@45fd9a4d, org.springframework.boot.test.json.DuplicateJsonObjectContextCustomizerFactory$DuplicateJsonObjectContextCustomizer@5f0e9815, org.springframework.boot.test.mock.mockito.MockitoContextCustomizer@0, org.springframework.boot.test.web.client.TestRestTemplateContextCustomizer@115667d, org.springframework.boot.test.context.SpringBootTestArgs@1, org.springframework.boot.test.context.SpringBootTestWebEnvironment@c88a337], resourceBasePath = 'src/main/webapp', contextLoader = 'org.springframework.boot.test.context.SpringBootContextLoader', parent = [null]], attributes = map['org.springframework.test.context.web.ServletTestExecutionListener.activateListener' -> true]], class annotated with @DirtiesContext [false] with mode [null].

  .   ____          _            __ _ _
 /\\ / ___'_ __ _ _(_)_ __  __ _ \ \ \ \
( ( )\___ | '_ | '_| | '_ \/ _` | \ \ \ \
 \\/  ___)| |_)| | | | | || (_| |  ) ) ) )
  '  |____| .__|_| |_|_| |_\__, | / / / /
 =========|_|==============|___/=/_/_/_/
 :: Spring Boot ::                (v2.6.3)

2023-03-21 15:36:39.879  INFO 15864 --- [    Test worker] c.e.v.entity.UserRepositoryTest          : Starting UserRepositoryTest using Java 17.0.6 on DESKTOP-F6V2IAK with PID 15864 (started by LENOVO in C:\Users\LENOVO\Documents\GitHub\Vue.js)
2023-03-21 15:36:39.879  INFO 15864 --- [    Test worker] c.e.v.entity.UserRepositoryTest          : No active profile set, falling back to default profiles: default
2023-03-21 15:36:40.421  INFO 15864 --- [    Test worker] .s.d.r.c.RepositoryConfigurationDelegate : Bootstrapping Spring Data JPA repositories in DEFAULT mode.
2023-03-21 15:36:40.473  INFO 15864 --- [    Test worker] .s.d.r.c.RepositoryConfigurationDelegate : Finished Spring Data repository scanning in 44 ms. Found 2 JPA repository interfaces.
2023-03-21 15:36:40.949  INFO 15864 --- [    Test worker] com.zaxxer.hikari.HikariDataSource       : HikariPool-1 - Starting...
2023-03-21 15:36:40.997  INFO 15864 --- [    Test worker] com.zaxxer.hikari.HikariDataSource       : HikariPool-1 - Start completed.
2023-03-21 15:36:41.051  INFO 15864 --- [    Test worker] o.hibernate.jpa.internal.util.LogHelper  : HHH000204: Processing PersistenceUnitInfo [name: default]
2023-03-21 15:36:41.100  INFO 15864 --- [    Test worker] org.hibernate.Version                    : HHH000412: Hibernate ORM core version 5.6.4.Final
2023-03-21 15:36:41.238  INFO 15864 --- [    Test worker] o.hibernate.annotations.common.Version   : HCANN000001: Hibernate Commons Annotations {5.1.2.Final}
2023-03-21 15:36:41.367  INFO 15864 --- [    Test worker] org.hibernate.dialect.Dialect            : HHH000400: Using dialect: org.hibernate.dialect.MariaDB106Dialect
2023-03-21 15:36:41.835  INFO 15864 --- [    Test worker] o.h.e.t.j.p.i.JtaPlatformInitiator       : HHH000490: Using JtaPlatform implementation: [org.hibernate.engine.transaction.jta.platform.internal.NoJtaPlatform]
2023-03-21 15:36:41.842  INFO 15864 --- [    Test worker] j.LocalContainerEntityManagerFactoryBean : Initialized JPA EntityManagerFactory for persistence unit 'default'
2023-03-21 15:36:42.291  WARN 15864 --- [    Test worker] JpaBaseConfiguration$JpaWebConfiguration : spring.jpa.open-in-view is enabled by default. Therefore, database queries may be performed during view rendering. Explicitly configure spring.jpa.open-in-view to disable this warning
2023-03-21 15:36:42.951  INFO 15864 --- [    Test worker] o.s.s.web.DefaultSecurityFilterChain     : Will secure any request with [org.springframework.security.web.context.request.async.WebAsyncManagerIntegrationFilter@43201f84, org.springframework.security.web.context.SecurityContextPersistenceFilter@6e225c34, org.springframework.security.web.header.HeaderWriterFilter@3d2b13f, org.springframework.web.filter.CorsFilter@2c51c756, org.springframework.security.web.authentication.logout.LogoutFilter@70cac22a, com.example.vuebackboard.util.TokenRequestFilter@41abee65, org.springframework.security.web.savedrequest.RequestCacheAwareFilter@220f6a3c, org.springframework.security.web.servletapi.SecurityContextHolderAwareRequestFilter@4f55a864, org.springframework.security.web.authentication.AnonymousAuthenticationFilter@4ef277ef, org.springframework.security.web.session.SessionManagementFilter@29fc83c5, org.springframework.security.web.access.ExceptionTranslationFilter@669daa93, org.springframework.security.web.access.intercept.FilterSecurityInterceptor@53d15034]
2023-03-21 15:36:43.243  WARN 15864 --- [    Test worker] ion$DefaultTemplateResolverConfiguration : Cannot find template location: classpath:/templates/ (please add some templates or check your Thymeleaf configuration)
2023-03-21 15:36:43.405  INFO 15864 --- [    Test worker] c.e.v.entity.UserRepositoryTest          : Started UserRepositoryTest in 3.75 seconds (JVM running for 4.654)
Hibernate: insert into user (user_id, user_name, user_pw) values (?, ?, ?)
]]></system-out>
  <system-err><![CDATA[]]></system-err>
</testsuite>
